<?xml version="1.0" encoding="UTF-8" ?>
<testsuite tests="57" failures="0" name="org.jfree.data.general.DatasetUtilitiesTest" time="0.004" errors="0" skipped="0">
  <properties>
    <property name="java.runtime.name" value="OpenJDK Runtime Environment"/>
    <property name="java.vm.version" value="21.0.2"/>
    <property name="sun.boot.library.path" value="/opt/homebrew/Cellar/openjdk/21.0.2/libexec/openjdk.jdk/Contents/Home/lib"/>
    <property name="maven.multiModuleProjectDirectory" value="/Users/vishalkarmakar/Desktop/SOEN6491/Midterm_SOEN6491/jfree-chart-1.0.19-CI"/>
    <property name="java.vm.vendor" value="Homebrew"/>
    <property name="java.vendor.url" value="https://github.com/Homebrew/homebrew-core/issues"/>
    <property name="guice.disable.misplaced.annotation.check" value="true"/>
    <property name="path.separator" value=":"/>
    <property name="java.vm.name" value="OpenJDK 64-Bit Server VM"/>
    <property name="user.country" value="CA"/>
    <property name="sun.java.launcher" value="SUN_STANDARD"/>
    <property name="java.vm.specification.name" value="Java Virtual Machine Specification"/>
    <property name="user.dir" value="/Users/vishalkarmakar/Desktop/SOEN6491/Midterm_SOEN6491/jfree-chart-1.0.19-CI"/>
    <property name="java.vm.compressedOopsMode" value="Zero based"/>
    <property name="java.runtime.version" value="21.0.2"/>
    <property name="os.arch" value="aarch64"/>
    <property name="java.io.tmpdir" value="/var/folders/_s/7ynt35q50rjcxksb4_78w1_80000gn/T/"/>
    <property name="line.separator" value="
"/>
    <property name="java.vm.specification.vendor" value="Oracle Corporation"/>
    <property name="stderr.encoding" value="UTF-8"/>
    <property name="os.name" value="Mac OS X"/>
    <property name="classworlds.conf" value="/opt/homebrew/Cellar/maven/3.9.6/libexec/bin/m2.conf"/>
    <property name="sun.jnu.encoding" value="UTF-8"/>
    <property name="stdout.encoding" value="UTF-8"/>
    <property name="java.library.path" value="/Users/vishalkarmakar/Library/Java/Extensions:/Library/Java/Extensions:/Network/Library/Java/Extensions:/System/Library/Java/Extensions:/usr/lib/java:."/>
    <property name="maven.conf" value="/opt/homebrew/Cellar/maven/3.9.6/libexec/conf"/>
    <property name="jdk.debug" value="release"/>
    <property name="java.class.version" value="65.0"/>
    <property name="java.specification.name" value="Java Platform API Specification"/>
    <property name="sun.management.compiler" value="HotSpot 64-Bit Tiered Compilers"/>
    <property name="os.version" value="14.2.1"/>
    <property name="library.jansi.path" value="/opt/homebrew/Cellar/maven/3.9.6/libexec/lib/jansi-native"/>
    <property name="http.nonProxyHosts" value="local|*.local|169.254/16|*.169.254/16"/>
    <property name="user.home" value="/Users/vishalkarmakar"/>
    <property name="user.timezone" value="America/Toronto"/>
    <property name="file.encoding" value="UTF-8"/>
    <property name="java.specification.version" value="21"/>
    <property name="user.name" value="vishalkarmakar"/>
    <property name="java.class.path" value="/opt/homebrew/Cellar/maven/3.9.6/libexec/boot/plexus-classworlds-2.7.0.jar"/>
    <property name="java.vm.specification.version" value="21"/>
    <property name="sun.arch.data.model" value="64"/>
    <property name="sun.java.command" value="org.codehaus.plexus.classworlds.launcher.Launcher clean test"/>
    <property name="java.home" value="/opt/homebrew/Cellar/openjdk/21.0.2/libexec/openjdk.jdk/Contents/Home"/>
    <property name="apple.awt.application.name" value="Launcher"/>
    <property name="user.language" value="en"/>
    <property name="java.specification.vendor" value="Oracle Corporation"/>
    <property name="java.vm.info" value="mixed mode, sharing"/>
    <property name="java.version" value="21.0.2"/>
    <property name="native.encoding" value="UTF-8"/>
    <property name="java.vendor" value="Homebrew"/>
    <property name="maven.home" value="/opt/homebrew/Cellar/maven/3.9.6/libexec"/>
    <property name="file.separator" value="/"/>
    <property name="java.version.date" value="2024-01-16"/>
    <property name="java.vendor.url.bug" value="https://github.com/Homebrew/homebrew-core/issues"/>
    <property name="sun.io.unicode.encoding" value="UnicodeBig"/>
    <property name="sun.cpu.endian" value="little"/>
    <property name="java.vendor.version" value="Homebrew"/>
    <property name="socksNonProxyHosts" value="local|*.local|169.254/16|*.169.254/16"/>
    <property name="ftp.nonProxyHosts" value="local|*.local|169.254/16|*.169.254/16"/>
  </properties>
  <testcase classname="org.jfree.data.general.DatasetUtilitiesTest" name="testIterateDomainBounds_NaN2" time="0"/>
  <testcase classname="org.jfree.data.general.DatasetUtilitiesTest" name="testIterateToFindRangeBounds_StatisticalCategoryDataset" time="0"/>
  <testcase classname="org.jfree.data.general.DatasetUtilitiesTest" name="testFindStackedRangeBoundsForTableXYDataset1" time="0"/>
  <testcase classname="org.jfree.data.general.DatasetUtilitiesTest" name="testFindStackedRangeBoundsForTableXYDataset2" time="0"/>
  <testcase classname="org.jfree.data.general.DatasetUtilitiesTest" name="testLimitPieDataset" time="0"/>
  <testcase classname="org.jfree.data.general.DatasetUtilitiesTest" name="testIterateRangeBounds" time="0"/>
  <testcase classname="org.jfree.data.general.DatasetUtilitiesTest" name="testMaximumStackedRangeValue" time="0"/>
  <testcase classname="org.jfree.data.general.DatasetUtilitiesTest" name="testFindRangeBounds2" time="0"/>
  <testcase classname="org.jfree.data.general.DatasetUtilitiesTest" name="testBug2849731" time="0"/>
  <testcase classname="org.jfree.data.general.DatasetUtilitiesTest" name="testFindYValueNonSorted" time="0"/>
  <testcase classname="org.jfree.data.general.DatasetUtilitiesTest" name="testIterateRangeBounds_CategoryDataset" time="0"/>
  <testcase classname="org.jfree.data.general.DatasetUtilitiesTest" name="testIterateToFindRangeBounds1_XYDataset" time="0"/>
  <testcase classname="org.jfree.data.general.DatasetUtilitiesTest" name="testIterateRangeBounds2" time="0"/>
  <testcase classname="org.jfree.data.general.DatasetUtilitiesTest" name="testIterateRangeBounds3" time="0"/>
  <testcase classname="org.jfree.data.general.DatasetUtilitiesTest" name="testIterateRangeBounds4" time="0.001"/>
  <testcase classname="org.jfree.data.general.DatasetUtilitiesTest" name="testCumulativeRange1" time="0"/>
  <testcase classname="org.jfree.data.general.DatasetUtilitiesTest" name="testCumulativeRange2" time="0"/>
  <testcase classname="org.jfree.data.general.DatasetUtilitiesTest" name="testCumulativeRange3" time="0"/>
  <testcase classname="org.jfree.data.general.DatasetUtilitiesTest" name="testJava" time="0"/>
  <testcase classname="org.jfree.data.general.DatasetUtilitiesTest" name="testFindMinimumRangeValue" time="0"/>
  <testcase classname="org.jfree.data.general.DatasetUtilitiesTest" name="testFindStackedRangeBounds_CategoryDataset1" time="0"/>
  <testcase classname="org.jfree.data.general.DatasetUtilitiesTest" name="testFindStackedRangeBounds_CategoryDataset2" time="0"/>
  <testcase classname="org.jfree.data.general.DatasetUtilitiesTest" name="testFindStackedRangeBounds_CategoryDataset3" time="0"/>
  <testcase classname="org.jfree.data.general.DatasetUtilitiesTest" name="testFindMaximumDomainValue" time="0"/>
  <testcase classname="org.jfree.data.general.DatasetUtilitiesTest" name="testIterateToFindRangeBounds_BoxAndWhiskerXYDataset" time="0"/>
  <testcase classname="org.jfree.data.general.DatasetUtilitiesTest" name="testIterateRangeBounds2_CategoryDataset" time="0"/>
  <testcase classname="org.jfree.data.general.DatasetUtilitiesTest" name="testStackedRangeWithMap" time="0"/>
  <testcase classname="org.jfree.data.general.DatasetUtilitiesTest" name="testFindYValue" time="0"/>
  <testcase classname="org.jfree.data.general.DatasetUtilitiesTest" name="testFindYValueWithDuplicates" time="0"/>
  <testcase classname="org.jfree.data.general.DatasetUtilitiesTest" name="testFindMaximumStackedRangeValue" time="0"/>
  <testcase classname="org.jfree.data.general.DatasetUtilitiesTest" name="testFindMinimumStackedRangeValue" time="0"/>
  <testcase classname="org.jfree.data.general.DatasetUtilitiesTest" name="testFindDomainBounds_NaN" time="0"/>
  <testcase classname="org.jfree.data.general.DatasetUtilitiesTest" name="testFindRangeBounds" time="0"/>
  <testcase classname="org.jfree.data.general.DatasetUtilitiesTest" name="testIterateDomainBounds_NaN" time="0"/>
  <testcase classname="org.jfree.data.general.DatasetUtilitiesTest" name="testFindMinimumStackedRangeValue2" time="0"/>
  <testcase classname="org.jfree.data.general.DatasetUtilitiesTest" name="testSampleFunction2D" time="0.001"/>
  <testcase classname="org.jfree.data.general.DatasetUtilitiesTest" name="testIterateToFindRangeBounds_MultiValueCategoryDataset" time="0"/>
  <testcase classname="org.jfree.data.general.DatasetUtilitiesTest" name="testFindMaximumStackedRangeValue2" time="0"/>
  <testcase classname="org.jfree.data.general.DatasetUtilitiesTest" name="testIterateRangeBounds3_CategoryDataset" time="0"/>
  <testcase classname="org.jfree.data.general.DatasetUtilitiesTest" name="testIsEmptyOrNullXYDataset" time="0"/>
  <testcase classname="org.jfree.data.general.DatasetUtilitiesTest" name="test803660" time="0"/>
  <testcase classname="org.jfree.data.general.DatasetUtilitiesTest" name="testFindMaximumRangeValue" time="0"/>
  <testcase classname="org.jfree.data.general.DatasetUtilitiesTest" name="testMinMaxRange" time="0"/>
  <testcase classname="org.jfree.data.general.DatasetUtilitiesTest" name="testIterateToFindRangeBounds2_XYDataset" time="0"/>
  <testcase classname="org.jfree.data.general.DatasetUtilitiesTest" name="testCalculatePieDatasetTotal" time="0"/>
  <testcase classname="org.jfree.data.general.DatasetUtilitiesTest" name="testFindRangeBounds_CategoryDataset" time="0"/>
  <testcase classname="org.jfree.data.general.DatasetUtilitiesTest" name="testFindDomainBounds" time="0"/>
  <testcase classname="org.jfree.data.general.DatasetUtilitiesTest" name="testCreateCategoryDataset1" time="0"/>
  <testcase classname="org.jfree.data.general.DatasetUtilitiesTest" name="testCreateCategoryDataset2" time="0"/>
  <testcase classname="org.jfree.data.general.DatasetUtilitiesTest" name="testIterateRangeBounds_IntervalCategoryDataset" time="0"/>
  <testcase classname="org.jfree.data.general.DatasetUtilitiesTest" name="testBug2849731_2" time="0.001"/>
  <testcase classname="org.jfree.data.general.DatasetUtilitiesTest" name="testBug2849731_3" time="0"/>
  <testcase classname="org.jfree.data.general.DatasetUtilitiesTest" name="testIterateDomainBounds" time="0"/>
  <testcase classname="org.jfree.data.general.DatasetUtilitiesTest" name="testCumulativeRange_NaN" time="0"/>
  <testcase classname="org.jfree.data.general.DatasetUtilitiesTest" name="testFindDomainBounds2" time="0"/>
  <testcase classname="org.jfree.data.general.DatasetUtilitiesTest" name="testFindDomainBounds3" time="0"/>
  <testcase classname="org.jfree.data.general.DatasetUtilitiesTest" name="testFindMinimumDomainValue" time="0"/>
</testsuite>