<?xml version="1.0" encoding="UTF-8" ?>
<testsuite tests="42" failures="0" name="org.jfree.chart.plot.XYPlotTest" time="0.072" errors="0" skipped="0">
  <properties>
    <property name="java.runtime.name" value="OpenJDK Runtime Environment"/>
    <property name="java.vm.version" value="21.0.2"/>
    <property name="sun.boot.library.path" value="/opt/homebrew/Cellar/openjdk/21.0.2/libexec/openjdk.jdk/Contents/Home/lib"/>
    <property name="maven.multiModuleProjectDirectory" value="/Users/vishalkarmakar/Desktop/SOEN6491/Midterm_SOEN6491"/>
    <property name="java.vm.vendor" value="Homebrew"/>
    <property name="java.vendor.url" value="https://github.com/Homebrew/homebrew-core/issues"/>
    <property name="guice.disable.misplaced.annotation.check" value="true"/>
    <property name="path.separator" value=":"/>
    <property name="java.vm.name" value="OpenJDK 64-Bit Server VM"/>
    <property name="user.country" value="CA"/>
    <property name="sun.java.launcher" value="SUN_STANDARD"/>
    <property name="java.vm.specification.name" value="Java Virtual Machine Specification"/>
    <property name="user.dir" value="/Users/vishalkarmakar/Desktop/SOEN6491/Midterm_SOEN6491"/>
    <property name="java.vm.compressedOopsMode" value="Zero based"/>
    <property name="java.runtime.version" value="21.0.2"/>
    <property name="os.arch" value="aarch64"/>
    <property name="java.io.tmpdir" value="/var/folders/_s/7ynt35q50rjcxksb4_78w1_80000gn/T/"/>
    <property name="line.separator" value="
"/>
    <property name="java.vm.specification.vendor" value="Oracle Corporation"/>
    <property name="stderr.encoding" value="UTF-8"/>
    <property name="os.name" value="Mac OS X"/>
    <property name="classworlds.conf" value="/opt/homebrew/Cellar/maven/3.9.6/libexec/bin/m2.conf"/>
    <property name="sun.jnu.encoding" value="UTF-8"/>
    <property name="stdout.encoding" value="UTF-8"/>
    <property name="java.library.path" value="/Users/vishalkarmakar/Library/Java/Extensions:/Library/Java/Extensions:/Network/Library/Java/Extensions:/System/Library/Java/Extensions:/usr/lib/java:."/>
    <property name="maven.conf" value="/opt/homebrew/Cellar/maven/3.9.6/libexec/conf"/>
    <property name="jdk.debug" value="release"/>
    <property name="java.class.version" value="65.0"/>
    <property name="java.specification.name" value="Java Platform API Specification"/>
    <property name="sun.management.compiler" value="HotSpot 64-Bit Tiered Compilers"/>
    <property name="os.version" value="14.2.1"/>
    <property name="library.jansi.path" value="/opt/homebrew/Cellar/maven/3.9.6/libexec/lib/jansi-native"/>
    <property name="http.nonProxyHosts" value="local|*.local|169.254/16|*.169.254/16"/>
    <property name="user.home" value="/Users/vishalkarmakar"/>
    <property name="user.timezone" value="America/Toronto"/>
    <property name="file.encoding" value="UTF-8"/>
    <property name="java.specification.version" value="21"/>
    <property name="user.name" value="vishalkarmakar"/>
    <property name="java.class.path" value="/opt/homebrew/Cellar/maven/3.9.6/libexec/boot/plexus-classworlds-2.7.0.jar"/>
    <property name="java.vm.specification.version" value="21"/>
    <property name="sun.arch.data.model" value="64"/>
    <property name="sun.java.command" value="org.codehaus.plexus.classworlds.launcher.Launcher clean test"/>
    <property name="java.home" value="/opt/homebrew/Cellar/openjdk/21.0.2/libexec/openjdk.jdk/Contents/Home"/>
    <property name="apple.awt.application.name" value="Launcher"/>
    <property name="user.language" value="en"/>
    <property name="java.specification.vendor" value="Oracle Corporation"/>
    <property name="java.vm.info" value="mixed mode, sharing"/>
    <property name="java.version" value="21.0.2"/>
    <property name="native.encoding" value="UTF-8"/>
    <property name="java.vendor" value="Homebrew"/>
    <property name="maven.home" value="/opt/homebrew/Cellar/maven/3.9.6/libexec"/>
    <property name="file.separator" value="/"/>
    <property name="java.version.date" value="2024-01-16"/>
    <property name="java.vendor.url.bug" value="https://github.com/Homebrew/homebrew-core/issues"/>
    <property name="sun.io.unicode.encoding" value="UnicodeBig"/>
    <property name="sun.cpu.endian" value="little"/>
    <property name="java.vendor.version" value="Homebrew"/>
    <property name="socksNonProxyHosts" value="local|*.local|169.254/16|*.169.254/16"/>
    <property name="ftp.nonProxyHosts" value="local|*.local|169.254/16|*.169.254/16"/>
  </properties>
  <testcase classname="org.jfree.chart.plot.XYPlotTest" name="testGetRangeAxisForDataset" time="0"/>
  <testcase classname="org.jfree.chart.plot.XYPlotTest" name="testRangeMarkerIndices" time="0.001"/>
  <testcase classname="org.jfree.chart.plot.XYPlotTest" name="testDomainMarkerIndices" time="0"/>
  <testcase classname="org.jfree.chart.plot.XYPlotTest" name="testEquals_ObjectList" time="0"/>
  <testcase classname="org.jfree.chart.plot.XYPlotTest" name="testBug2817504" time="0.001"/>
  <testcase classname="org.jfree.chart.plot.XYPlotTest" name="testDrawRangeGridlines" time="0.001"/>
  <testcase classname="org.jfree.chart.plot.XYPlotTest" name="testAddRangeMarker" time="0"/>
  <testcase classname="org.jfree.chart.plot.XYPlotTest" name="testRemoveAnnotation" time="0"/>
  <testcase classname="org.jfree.chart.plot.XYPlotTest" name="testRendererIndices" time="0"/>
  <testcase classname="org.jfree.chart.plot.XYPlotTest" name="testRemoveRangeMarker" time="0"/>
  <testcase classname="org.jfree.chart.plot.XYPlotTest" name="testGetLegendItems" time="0.003"/>
  <testcase classname="org.jfree.chart.plot.XYPlotTest" name="testRemoveDomainMarker" time="0"/>
  <testcase classname="org.jfree.chart.plot.XYPlotTest" name="testGetRendererForDataset2" time="0"/>
  <testcase classname="org.jfree.chart.plot.XYPlotTest" name="testCloning_QuadrantPaint" time="0"/>
  <testcase classname="org.jfree.chart.plot.XYPlotTest" name="testGetDomainAxisForDataset" time="0.001"/>
  <testcase classname="org.jfree.chart.plot.XYPlotTest" name="test1654215" time="0"/>
  <testcase classname="org.jfree.chart.plot.XYPlotTest" name="testAddDomainMarker" time="0"/>
  <testcase classname="org.jfree.chart.plot.XYPlotTest" name="testAxisIndices" time="0"/>
  <testcase classname="org.jfree.chart.plot.XYPlotTest" name="testCloneIndependence" time="0"/>
  <testcase classname="org.jfree.chart.plot.XYPlotTest" name="testCloning" time="0.003"/>
  <testcase classname="org.jfree.chart.plot.XYPlotTest" name="testSetRenderer" time="0"/>
  <testcase classname="org.jfree.chart.plot.XYPlotTest" name="testCloning_QuadrantOrigin" time="0"/>
  <testcase classname="org.jfree.chart.plot.XYPlotTest" name="testGetRendererForDataset" time="0"/>
  <testcase classname="org.jfree.chart.plot.XYPlotTest" name="testDrawSeriesWithZeroItems" time="0"/>
  <testcase classname="org.jfree.chart.plot.XYPlotTest" name="testEquals_ObjectList2" time="0"/>
  <testcase classname="org.jfree.chart.plot.XYPlotTest" name="testEquals_ObjectList3" time="0"/>
  <testcase classname="org.jfree.chart.plot.XYPlotTest" name="testEquals_ObjectList4" time="0"/>
  <testcase classname="org.jfree.chart.plot.XYPlotTest" name="testEquals_ObjectList5" time="0.002"/>
  <testcase classname="org.jfree.chart.plot.XYPlotTest" name="testAxisLocationIndices" time="0"/>
  <testcase classname="org.jfree.chart.plot.XYPlotTest" name="testMapDatasetToRangeAxis" time="0"/>
  <testcase classname="org.jfree.chart.plot.XYPlotTest" name="testEquals" time="0.001"/>
  <testcase classname="org.jfree.chart.plot.XYPlotTest" name="testMapDatasetToDomainAxis" time="0"/>
  <testcase classname="org.jfree.chart.plot.XYPlotTest" name="testDatasetIndices" time="0"/>
  <testcase classname="org.jfree.chart.plot.XYPlotTest" name="testSerialization1" time="0.028"/>
  <testcase classname="org.jfree.chart.plot.XYPlotTest" name="testSerialization2" time="0.015"/>
  <testcase classname="org.jfree.chart.plot.XYPlotTest" name="testSerialization3" time="0.008"/>
  <testcase classname="org.jfree.chart.plot.XYPlotTest" name="testSerialization4" time="0.004"/>
  <testcase classname="org.jfree.chart.plot.XYPlotTest" name="testSerialization5" time="0.002"/>
  <testcase classname="org.jfree.chart.plot.XYPlotTest" name="testSetNullRenderer" time="0"/>
  <testcase classname="org.jfree.chart.plot.XYPlotTest" name="testCloning2" time="0"/>
  <testcase classname="org.jfree.chart.plot.XYPlotTest" name="testCloning3" time="0"/>
  <testcase classname="org.jfree.chart.plot.XYPlotTest" name="testCloning4" time="0.001"/>
</testsuite>