<?xml version="1.0" encoding="UTF-8" ?>
<testsuite tests="31" failures="0" name="org.jfree.chart.axis.SegmentedTimelineTest" time="0.999" errors="0" skipped="0">
  <properties>
    <property name="java.runtime.name" value="OpenJDK Runtime Environment"/>
    <property name="java.vm.version" value="21.0.2"/>
    <property name="sun.boot.library.path" value="/opt/homebrew/Cellar/openjdk/21.0.2/libexec/openjdk.jdk/Contents/Home/lib"/>
    <property name="maven.multiModuleProjectDirectory" value="/Users/vishalkarmakar/Desktop/SOEN6491/Midterm_SOEN6491"/>
    <property name="java.vm.vendor" value="Homebrew"/>
    <property name="java.vendor.url" value="https://github.com/Homebrew/homebrew-core/issues"/>
    <property name="guice.disable.misplaced.annotation.check" value="true"/>
    <property name="path.separator" value=":"/>
    <property name="java.vm.name" value="OpenJDK 64-Bit Server VM"/>
    <property name="user.country" value="CA"/>
    <property name="sun.java.launcher" value="SUN_STANDARD"/>
    <property name="java.vm.specification.name" value="Java Virtual Machine Specification"/>
    <property name="user.dir" value="/Users/vishalkarmakar/Desktop/SOEN6491/Midterm_SOEN6491"/>
    <property name="java.vm.compressedOopsMode" value="Zero based"/>
    <property name="java.runtime.version" value="21.0.2"/>
    <property name="os.arch" value="aarch64"/>
    <property name="java.io.tmpdir" value="/var/folders/_s/7ynt35q50rjcxksb4_78w1_80000gn/T/"/>
    <property name="line.separator" value="
"/>
    <property name="java.vm.specification.vendor" value="Oracle Corporation"/>
    <property name="stderr.encoding" value="UTF-8"/>
    <property name="os.name" value="Mac OS X"/>
    <property name="classworlds.conf" value="/opt/homebrew/Cellar/maven/3.9.6/libexec/bin/m2.conf"/>
    <property name="sun.jnu.encoding" value="UTF-8"/>
    <property name="stdout.encoding" value="UTF-8"/>
    <property name="java.library.path" value="/Users/vishalkarmakar/Library/Java/Extensions:/Library/Java/Extensions:/Network/Library/Java/Extensions:/System/Library/Java/Extensions:/usr/lib/java:."/>
    <property name="maven.conf" value="/opt/homebrew/Cellar/maven/3.9.6/libexec/conf"/>
    <property name="jdk.debug" value="release"/>
    <property name="java.class.version" value="65.0"/>
    <property name="java.specification.name" value="Java Platform API Specification"/>
    <property name="sun.management.compiler" value="HotSpot 64-Bit Tiered Compilers"/>
    <property name="os.version" value="14.2.1"/>
    <property name="library.jansi.path" value="/opt/homebrew/Cellar/maven/3.9.6/libexec/lib/jansi-native"/>
    <property name="http.nonProxyHosts" value="local|*.local|169.254/16|*.169.254/16"/>
    <property name="user.home" value="/Users/vishalkarmakar"/>
    <property name="user.timezone" value="America/Toronto"/>
    <property name="file.encoding" value="UTF-8"/>
    <property name="java.specification.version" value="21"/>
    <property name="user.name" value="vishalkarmakar"/>
    <property name="java.class.path" value="/opt/homebrew/Cellar/maven/3.9.6/libexec/boot/plexus-classworlds-2.7.0.jar"/>
    <property name="java.vm.specification.version" value="21"/>
    <property name="sun.arch.data.model" value="64"/>
    <property name="sun.java.command" value="org.codehaus.plexus.classworlds.launcher.Launcher clean test"/>
    <property name="java.home" value="/opt/homebrew/Cellar/openjdk/21.0.2/libexec/openjdk.jdk/Contents/Home"/>
    <property name="apple.awt.application.name" value="Launcher"/>
    <property name="user.language" value="en"/>
    <property name="java.specification.vendor" value="Oracle Corporation"/>
    <property name="java.vm.info" value="mixed mode, sharing"/>
    <property name="java.version" value="21.0.2"/>
    <property name="native.encoding" value="UTF-8"/>
    <property name="java.vendor" value="Homebrew"/>
    <property name="maven.home" value="/opt/homebrew/Cellar/maven/3.9.6/libexec"/>
    <property name="file.separator" value="/"/>
    <property name="java.version.date" value="2024-01-16"/>
    <property name="java.vendor.url.bug" value="https://github.com/Homebrew/homebrew-core/issues"/>
    <property name="sun.io.unicode.encoding" value="UnicodeBig"/>
    <property name="sun.cpu.endian" value="little"/>
    <property name="java.vendor.version" value="Homebrew"/>
    <property name="socksNonProxyHosts" value="local|*.local|169.254/16|*.169.254/16"/>
    <property name="ftp.nonProxyHosts" value="local|*.local|169.254/16|*.169.254/16"/>
  </properties>
  <testcase classname="org.jfree.chart.axis.SegmentedTimelineTest" name="testMondayThroughFridayIncludedAndExcludedSegments" time="0.001"/>
  <testcase classname="org.jfree.chart.axis.SegmentedTimelineTest" name="testMondayThroughFridayInc" time="0.064"/>
  <testcase classname="org.jfree.chart.axis.SegmentedTimelineTest" name="testMs2Segment" time="0"/>
  <testcase classname="org.jfree.chart.axis.SegmentedTimelineTest" name="testMs2IncludedAndExcludedSegments" time="0.001"/>
  <testcase classname="org.jfree.chart.axis.SegmentedTimelineTest" name="testMs2BaseTimelineTranslations" time="0.018"/>
  <testcase classname="org.jfree.chart.axis.SegmentedTimelineTest" name="testMsExceptionSegments" time="0.001"/>
  <testcase classname="org.jfree.chart.axis.SegmentedTimelineTest" name="testMsSegmentedTimeline" time="0"/>
  <testcase classname="org.jfree.chart.axis.SegmentedTimelineTest" name="testSerialization" time="0.001"/>
  <testcase classname="org.jfree.chart.axis.SegmentedTimelineTest" name="testMsInc" time="0.034"/>
  <testcase classname="org.jfree.chart.axis.SegmentedTimelineTest" name="testMsTranslations" time="0.008"/>
  <testcase classname="org.jfree.chart.axis.SegmentedTimelineTest" name="testMsSegment" time="0.001"/>
  <testcase classname="org.jfree.chart.axis.SegmentedTimelineTest" name="testMsIncludedAndExcludedSegments" time="0"/>
  <testcase classname="org.jfree.chart.axis.SegmentedTimelineTest" name="testBasicSegmentedTimeline" time="0"/>
  <testcase classname="org.jfree.chart.axis.SegmentedTimelineTest" name="testFifteenMinIncludedAndExcludedSegments" time="0"/>
  <testcase classname="org.jfree.chart.axis.SegmentedTimelineTest" name="testMs2Translations" time="0.512"/>
  <testcase classname="org.jfree.chart.axis.SegmentedTimelineTest" name="testSegmentedTimelineWithException1" time="0.001"/>
  <testcase classname="org.jfree.chart.axis.SegmentedTimelineTest" name="testFifteenMinExceptionSegments" time="0"/>
  <testcase classname="org.jfree.chart.axis.SegmentedTimelineTest" name="testCloning" time="0.001"/>
  <testcase classname="org.jfree.chart.axis.SegmentedTimelineTest" name="testFifteenMinSegmentedTimeline" time="0"/>
  <testcase classname="org.jfree.chart.axis.SegmentedTimelineTest" name="testMondayThroughFridaySegment" time="0.015"/>
  <testcase classname="org.jfree.chart.axis.SegmentedTimelineTest" name="testFifteenMinSegment" time="0"/>
  <testcase classname="org.jfree.chart.axis.SegmentedTimelineTest" name="testHashCode" time="0"/>
  <testcase classname="org.jfree.chart.axis.SegmentedTimelineTest" name="testMondayThroughFridaySegmentedTimeline" time="0"/>
  <testcase classname="org.jfree.chart.axis.SegmentedTimelineTest" name="testMs2SegmentedTimeline" time="0"/>
  <testcase classname="org.jfree.chart.axis.SegmentedTimelineTest" name="testEquals" time="0"/>
  <testcase classname="org.jfree.chart.axis.SegmentedTimelineTest" name="testMs2Inc" time="0.027"/>
  <testcase classname="org.jfree.chart.axis.SegmentedTimelineTest" name="testSerialization2" time="0.001"/>
  <testcase classname="org.jfree.chart.axis.SegmentedTimelineTest" name="testMs2BaseTimelineExceptionSegments" time="0"/>
  <testcase classname="org.jfree.chart.axis.SegmentedTimelineTest" name="testMondayThoughFridayExceptionSegments" time="0"/>
  <testcase classname="org.jfree.chart.axis.SegmentedTimelineTest" name="testFifteenMinInc" time="0.027"/>
  <testcase classname="org.jfree.chart.axis.SegmentedTimelineTest" name="testFifteenMinTranslations" time="0.286"/>
</testsuite>